0 info it worked if it ends with ok
1 verbose cli [ 'D:\\soft_data\\nvm\\node.exe',
1 verbose cli   'D:\\soft_data\\nvm\\node_modules\\npm\\bin\\npm-cli.js',
1 verbose cli   'run',
1 verbose cli   'dev' ]
2 info using npm@3.10.10
3 info using node@v6.11.0
4 verbose run-script [ 'predev', 'dev', 'postdev' ]
5 info lifecycle hkzf-mobile-vue3@0.0.0~predev: hkzf-mobile-vue3@0.0.0
6 silly lifecycle hkzf-mobile-vue3@0.0.0~predev: no script for predev, continuing
7 info lifecycle hkzf-mobile-vue3@0.0.0~dev: hkzf-mobile-vue3@0.0.0
8 verbose lifecycle hkzf-mobile-vue3@0.0.0~dev: unsafe-perm in lifecycle true
9 verbose lifecycle hkzf-mobile-vue3@0.0.0~dev: PATH: D:\soft\nvm\v6.11.0\node_modules\npm\bin\node-gyp-bin;D:\myprojects\hkzf-mobile-vue3\node_modules\.bin;C:\Windows\system32;C:\Windows;C:\Windows\System32\Wbem;C:\Windows\System32\WindowsPowerShell\v1.0\;C:\Windows\System32\OpenSSH\;D:\soft\nvm;D:\soft_data\nvm;D:\soft\Git\cmd;C:\ProgramData\chocolatey\bin;D:\MyData\rongmy1\AppData\Local\Microsoft\WindowsApps;C:\Program Files\Bandizip\;D:\soft\Microsoft VS Code\bin;D:\soft\nvm;D:\soft_data\nvm
10 verbose lifecycle hkzf-mobile-vue3@0.0.0~dev: CWD: D:\myprojects\hkzf-mobile-vue3
11 silly lifecycle hkzf-mobile-vue3@0.0.0~dev: Args: [ '/d /s /c', 'vite' ]
12 silly lifecycle hkzf-mobile-vue3@0.0.0~dev: Returned: code: 1  signal: null
13 info lifecycle hkzf-mobile-vue3@0.0.0~dev: Failed to exec dev script
14 verbose stack Error: hkzf-mobile-vue3@0.0.0 dev: `vite`
14 verbose stack Exit status 1
14 verbose stack     at EventEmitter.<anonymous> (D:\soft\nvm\v6.11.0\node_modules\npm\lib\utils\lifecycle.js:255:16)
14 verbose stack     at emitTwo (events.js:106:13)
14 verbose stack     at EventEmitter.emit (events.js:191:7)
14 verbose stack     at ChildProcess.<anonymous> (D:\soft\nvm\v6.11.0\node_modules\npm\lib\utils\spawn.js:40:14)
14 verbose stack     at emitTwo (events.js:106:13)
14 verbose stack     at ChildProcess.emit (events.js:191:7)
14 verbose stack     at maybeClose (internal/child_process.js:891:16)
14 verbose stack     at Process.ChildProcess._handle.onexit (internal/child_process.js:226:5)
15 verbose pkgid hkzf-mobile-vue3@0.0.0
16 verbose cwd D:\myprojects\hkzf-mobile-vue3
17 error Windows_NT 10.0.17763
18 error argv "D:\\soft_data\\nvm\\node.exe" "D:\\soft_data\\nvm\\node_modules\\npm\\bin\\npm-cli.js" "run" "dev"
19 error node v6.11.0
20 error npm  v3.10.10
21 error code ELIFECYCLE
22 error hkzf-mobile-vue3@0.0.0 dev: `vite`
22 error Exit status 1
23 error Failed at the hkzf-mobile-vue3@0.0.0 dev script 'vite'.
23 error Make sure you have the latest version of node.js and npm installed.
23 error If you do, this is most likely a problem with the hkzf-mobile-vue3 package,
23 error not with npm itself.
23 error Tell the author that this fails on your system:
23 error     vite
23 error You can get information on how to open an issue for this project with:
23 error     npm bugs hkzf-mobile-vue3
23 error Or if that isn't available, you can get their info via:
23 error     npm owner ls hkzf-mobile-vue3
23 error There is likely additional logging output above.
24 verbose exit [ 1, true ]
